[debug] [2025-07-04T20:01:32.704Z] ----------------------------------------------------------------------
[debug] [2025-07-04T20:01:32.706Z] Command:       C:\Program Files\nodejs\node.exe C:\Users\B2B-AI\AppData\Roaming\npm\node_modules\firebase-tools\lib\bin\firebase.js deploy --only hosting
[debug] [2025-07-04T20:01:32.706Z] CLI Version:   14.9.0
[debug] [2025-07-04T20:01:32.707Z] Platform:      win32
[debug] [2025-07-04T20:01:32.707Z] Node Version:  v22.16.0
[debug] [2025-07-04T20:01:32.707Z] Time:          Fri Jul 04 2025 22:01:32 GMT+0200 (South Africa Standard Time)
[debug] [2025-07-04T20:01:32.707Z] ----------------------------------------------------------------------
[debug] 
[debug] [2025-07-04T20:01:32.856Z] > command requires scopes: ["email","openid","https://www.googleapis.com/auth/cloudplatformprojects.readonly","https://www.googleapis.com/auth/firebase","https://www.googleapis.com/auth/cloud-platform"]
[debug] [2025-07-04T20:01:32.857Z] > authorizing via signed-in user (ricardoronanm@gmail.com)
[debug] [2025-07-04T20:01:32.857Z] [iam] checking project vue-portfolio-c077e for permissions ["firebase.projects.get","firebasehosting.sites.update"]
[debug] [2025-07-04T20:01:32.857Z] Checked if tokens are valid: true, expires at: 1751662848181
[debug] [2025-07-04T20:01:32.858Z] Checked if tokens are valid: true, expires at: 1751662848181
[debug] [2025-07-04T20:01:32.858Z] >>> [apiv2][query] POST https://cloudresourcemanager.googleapis.com/v1/projects/vue-portfolio-c077e:testIamPermissions [none]
[debug] [2025-07-04T20:01:32.858Z] >>> [apiv2][(partial)header] POST https://cloudresourcemanager.googleapis.com/v1/projects/vue-portfolio-c077e:testIamPermissions x-goog-quota-user=projects/vue-portfolio-c077e
[debug] [2025-07-04T20:01:32.858Z] >>> [apiv2][body] POST https://cloudresourcemanager.googleapis.com/v1/projects/vue-portfolio-c077e:testIamPermissions {"permissions":["firebase.projects.get","firebasehosting.sites.update"]}
[debug] [2025-07-04T20:01:35.361Z] <<< [apiv2][status] POST https://cloudresourcemanager.googleapis.com/v1/projects/vue-portfolio-c077e:testIamPermissions 200
[debug] [2025-07-04T20:01:35.361Z] <<< [apiv2][body] POST https://cloudresourcemanager.googleapis.com/v1/projects/vue-portfolio-c077e:testIamPermissions {"permissions":["firebase.projects.get","firebasehosting.sites.update"]}
[debug] [2025-07-04T20:01:35.361Z] Checked if tokens are valid: true, expires at: 1751662848181
[debug] [2025-07-04T20:01:35.361Z] Checked if tokens are valid: true, expires at: 1751662848181
[debug] [2025-07-04T20:01:35.362Z] >>> [apiv2][query] GET https://firebase.googleapis.com/v1beta1/projects/vue-portfolio-c077e [none]
[debug] [2025-07-04T20:01:36.042Z] <<< [apiv2][status] GET https://firebase.googleapis.com/v1beta1/projects/vue-portfolio-c077e 200
[debug] [2025-07-04T20:01:36.042Z] <<< [apiv2][body] GET https://firebase.googleapis.com/v1beta1/projects/vue-portfolio-c077e {"projectId":"vue-portfolio-c077e","projectNumber":"497793485445","displayName":"Vue-portfolio","name":"projects/vue-portfolio-c077e","resources":{"hostingSite":"vue-portfolio-c077e"},"state":"ACTIVE","etag":"1_b18fd0c4-b259-4592-8745-4b06044c53d1"}
[info] 
[info] === Deploying to 'vue-portfolio-c077e'...
[info] 
[info] i  deploying hosting 
[debug] [2025-07-04T20:01:36.047Z] Checked if tokens are valid: true, expires at: 1751662848181
[debug] [2025-07-04T20:01:36.047Z] Checked if tokens are valid: true, expires at: 1751662848181
[debug] [2025-07-04T20:01:36.048Z] >>> [apiv2][query] POST https://firebasehosting.googleapis.com/v1beta1/projects/-/sites/vue-portfolio-c077e/versions [none]
[debug] [2025-07-04T20:01:36.048Z] >>> [apiv2][body] POST https://firebasehosting.googleapis.com/v1beta1/projects/-/sites/vue-portfolio-c077e/versions {"status":"CREATED","labels":{"deployment-tool":"cli-firebase"}}
[debug] [2025-07-04T20:01:38.895Z] <<< [apiv2][status] POST https://firebasehosting.googleapis.com/v1beta1/projects/-/sites/vue-portfolio-c077e/versions 200
[debug] [2025-07-04T20:01:38.896Z] <<< [apiv2][body] POST https://firebasehosting.googleapis.com/v1beta1/projects/-/sites/vue-portfolio-c077e/versions {"name":"projects/497793485445/sites/vue-portfolio-c077e/versions/da20c6e955a12f09","status":"CREATED","config":{},"labels":{"deployment-tool":"cli-firebase"}}
[info] i  hosting[vue-portfolio-c077e]: beginning deploy... 
[info] i  hosting[vue-portfolio-c077e]: found 42 files in dist 
[debug] [2025-07-04T20:01:38.912Z] [hosting] uploading with 200 concurrency
[debug] [2025-07-04T20:01:38.914Z] [hosting] hash cache [ZGlzdA] not populated
[debug] [2025-07-04T20:01:39.061Z] Checked if tokens are valid: true, expires at: 1751662848181
[debug] [2025-07-04T20:01:39.062Z] Checked if tokens are valid: true, expires at: 1751662848181
[debug] [2025-07-04T20:01:39.064Z] [hosting] hash cache [ZGlzdA] stored for 42 files
[debug] [2025-07-04T20:01:39.064Z] [hosting][hash queue][FINAL] {"max":138,"min":27,"avg":35.285714285714285,"active":0,"complete":42,"success":42,"errored":0,"retried":0,"total":42,"elapsed":149}
[debug] [2025-07-04T20:01:39.065Z] >>> [apiv2][query] POST https://firebasehosting.googleapis.com/v1beta1/projects/497793485445/sites/vue-portfolio-c077e/versions/da20c6e955a12f09:populateFiles [none]
[debug] [2025-07-04T20:01:39.065Z] >>> [apiv2][body] POST https://firebasehosting.googleapis.com/v1beta1/projects/497793485445/sites/vue-portfolio-c077e/versions/da20c6e955a12f09:populateFiles {"files":{"/index.html":"e199d4cb12f836ce1b4b207d76e459bce691a48bccb59dbec27cbdaf0ec42642","/favicon.ico":"3d3d5c038cc96d71c43ffff92b9bf099f92adf9d867d0849ddcc2086c63c907b","/js/app.12676831.js":"13202fa12712829214588ab235d637a6ebed839324efeb3a31248a53f096a542","/js/736.8025bbd1.js.map":"066cf2609ce5e5ee78ace478338414febaeb6232d0446fc1d1827e1a93bb157f","/js/875.015dfa49.js":"b790322641b157b9dee486c743d22ed889296082cb4b7c088d0dcfd3eca927b0","/js/app.12676831.js.map":"482988fe68008353b197f19ca44d7d23ee34f9ca60c5975eb85f1525502f1b7b","/js/875.015dfa49.js.map":"58ecd18d3da94da000c1ef5d03f13ceaec85786b8e6d229874216f217b065a5c","/js/736.8025bbd1.js":"346ebcdba0463435e3b5461225f90f60a0220f7b1e2ac74c0644ecfea7fded6d","/js/882.0836a83c.js":"d7dac045553bc3bfd35074d746c51dbdf437d05e343dc0095235fd376ebcf478","/js/603.eda18f57.js":"1d5c91d9652c7e0e6e6f5f3b68f7082e9718239c80ab82ec79b61c4f67e85a80","/js/598.b22715e1.js.map":"df4b47041092fc6da66ee36a49110ac72764c9149281c93363b3fcd5c5d1db19","/js/598.b22715e1.js":"859a240bfa3625cec10477a94a22819399819b95f23657503476e09bd3e59371","/js/603.eda18f57.js.map":"30b5bfee3c07b9bdb646b8e42c1bcef3fc5453eac750b46e88655c199539a785","/js/226.37c11388.js.map":"818e19b6dd0f1110f3b9fe0f08e9651b3a382393716facb301fd1cab198fb485","/js/46.58fcd2c1.js.map":"daa86f187eebb8c074f8438e0c958fe77ebca4c4cdcad95945df213e7da8ae31","/js/226.37c11388.js":"0ac3a540e8973b0fac77213893f843e0867e7f98d71b8c6389f9c492340218de","/js/46.58fcd2c1.js":"431e5adf261e9857b5e8d27272b94d69f275bf3b180064c755044ed7912a4ee2","/js/204.90ae0e34.js":"c3d9932551bdf9cc614f51049b9399df0391ec6a1b7deb8321f9596c4c11c50c","/js/205.68ba5647.js":"946766d309d47c70d8ae37ba77b41e592b22f650e09e03789ae891b9a153d742","/js/167.dd583aff.js.map":"1a83ffcf5b32c82e1460ee6657f39a7958a5d134e733d8068a9554eb46ba10ac","/js/205.68ba5647.js.map":"284d1b1f3df16c197e8d9fa5afb606df4dc2a5b485efdefd80687e99c4893692","/js/204.90ae0e34.js.map":"dc6253288bd7b2e52d441680a8c92d65311350504b2ffc67b387e10593f8bdf0","/js/167.dd583aff.js":"86d7387befce8a7f1a0914324cb19fc506db817365ea65be45f0a9a8eb5674b1","/js/16.067dfdf8.js":"62dba2b0186548e28d1c9eae4f34731e0e9f1d15564a492eb1df511385814e66","/css/736.88687f1a.css":"8b8983300a2098c7bb74b5f7c6957b1fb0c3a6e91b232e9b167c6de2c2533b36","/js/16.067dfdf8.js.map":"76fe00a67bbf268952739b5117f2db6747fdd7fad7489d6b846424d8d921376e","/css/603.192ac25d.css":"497fe5056454e4f5687063a4d3a6b18ce033a7054a243aa87f23fe87ee81a2aa","/css/app.035e8f0d.css":"db78df6e91e2d4afafe208f40b75f18e81c565a69f937401a3c8e647fcad6aa0","/css/598.7d1b3297.css":"ed2840ec5b3871469083bd3c71b43c78fe5107fd7eb0ec354bc4db9c647efbf9","/css/226.6e13492c.css":"d4703655bb2f51f6a4d74f99345a19c5acd79c5586c0fbc342715489c00846c7","/css/205.9943b041.css":"db0230bd5a53fb61aeb0e365d365153474df3ff91f8cfc058d1963cc3f77d566","/css/46.e5f7f210.css":"7c4d9ef4c02b386bac6f571dc7f3963da6b17e3e41033c335be24d644af0390b","/css/875.7698a333.css":"54dce429634b2ef6eaa945978f5bfd0831f8aecc226159335aa0a518f62c92f7","/css/204.7f440066.css":"a506df2b0d4597b5c88da6bfa85ffe4bab4cffebcb3051f4bdea00026a2cf173","/css/167.a6104f45.css":"a48e6cc163b97cd7d454be2f96e0f3c269026fac8bd7c9636ba3086f914102af","/fonts/PressStart2P-Regular.f8c7d4a0.ttf":"aad3cbca70e10e800969e0669ca3aebb78bc48247c36688ac3600dff7f2a3fef","/css/chunk-vendors.830419a4.css":"af5a766e61727628e6cd63c8f5702de4eaf3a13869830d2f8d430916d726bc57","/js/chunk-vendors.a3846987.js":"a8c2b32a6896a2ca09f3875ff5a7409c5c6b8b2ff7490b6549f45e4283e169a4","/js/882.0836a83c.js.map":"565658751bf3b9695f3711244b3c16b7ac0b0744eba318188326b2fd67e92a16","/js/724.e2c6a82c.js":"cd0c45cf812bd834af634049a167d79469c196c484df555a67586a7c91416644","/js/chunk-vendors.a3846987.js.map":"9d59d450ccb87e8e0c2a05283a732f52fca625d1c5f517a74fdeee22d88f3cb7","/js/724.e2c6a82c.js.map":"d1e42ba0971f86da15cd9667481304bb30aac05c42366e955a0008f3e79aeed1"}}
[debug] [2025-07-04T20:01:39.859Z] <<< [apiv2][status] POST https://firebasehosting.googleapis.com/v1beta1/projects/497793485445/sites/vue-portfolio-c077e/versions/da20c6e955a12f09:populateFiles 200
[debug] [2025-07-04T20:01:39.859Z] <<< [apiv2][body] POST https://firebasehosting.googleapis.com/v1beta1/projects/497793485445/sites/vue-portfolio-c077e/versions/da20c6e955a12f09:populateFiles {"uploadRequiredHashes":["a506df2b0d4597b5c88da6bfa85ffe4bab4cffebcb3051f4bdea00026a2cf173","346ebcdba0463435e3b5461225f90f60a0220f7b1e2ac74c0644ecfea7fded6d","b790322641b157b9dee486c743d22ed889296082cb4b7c088d0dcfd3eca927b0","a8c2b32a6896a2ca09f3875ff5a7409c5c6b8b2ff7490b6549f45e4283e169a4","9d59d450ccb87e8e0c2a05283a732f52fca625d1c5f517a74fdeee22d88f3cb7","db0230bd5a53fb61aeb0e365d365153474df3ff91f8cfc058d1963cc3f77d566","54dce429634b2ef6eaa945978f5bfd0831f8aecc226159335aa0a518f62c92f7","df4b47041092fc6da66ee36a49110ac72764c9149281c93363b3fcd5c5d1db19","8b8983300a2098c7bb74b5f7c6957b1fb0c3a6e91b232e9b167c6de2c2533b36","818e19b6dd0f1110f3b9fe0f08e9651b3a382393716facb301fd1cab198fb485","7c4d9ef4c02b386bac6f571dc7f3963da6b17e3e41033c335be24d644af0390b","066cf2609ce5e5ee78ace478338414febaeb6232d0446fc1d1827e1a93bb157f","13202fa12712829214588ab235d637a6ebed839324efeb3a31248a53f096a542","497fe5056454e4f5687063a4d3a6b18ce033a7054a243aa87f23fe87ee81a2aa","859a240bfa3625cec10477a94a22819399819b95f23657503476e09bd3e59371","a48e6cc163b97cd7d454be2f96e0f3c269026fac8bd7c9636ba3086f914102af","284d1b1f3df16c197e8d9fa5afb606df4dc2a5b485efdefd80687e99c4893692","1d5c91d9652c7e0e6e6f5f3b68f7082e9718239c80ab82ec79b61c4f67e85a80","1a83ffcf5b32c82e1460ee6657f39a7958a5d134e733d8068a9554eb46ba10ac","db78df6e91e2d4afafe208f40b75f18e81c565a69f937401a3c8e647fcad6aa0","482988fe68008353b197f19ca44d7d23ee34f9ca60c5975eb85f1525502f1b7b","946766d309d47c70d8ae37ba77b41e592b22f650e09e03789ae891b9a153d742","dc6253288bd7b2e52d441680a8c92d65311350504b2ffc67b387e10593f8bdf0","c3d9932551bdf9cc614f51049b9399df0391ec6a1b7deb8321f9596c4c11c50c","431e5adf261e9857b5e8d27272b94d69f275bf3b180064c755044ed7912a4ee2","ed2840ec5b3871469083bd3c71b43c78fe5107fd7eb0ec354bc4db9c647efbf9","af5a766e61727628e6cd63c8f5702de4eaf3a13869830d2f8d430916d726bc57","565658751bf3b9695f3711244b3c16b7ac0b0744eba318188326b2fd67e92a16","58ecd18d3da94da000c1ef5d03f13ceaec85786b8e6d229874216f217b065a5c","62dba2b0186548e28d1c9eae4f34731e0e9f1d15564a492eb1df511385814e66","d1e42ba0971f86da15cd9667481304bb30aac05c42366e955a0008f3e79aeed1","d7dac045553bc3bfd35074d746c51dbdf437d05e343dc0095235fd376ebcf478","daa86f187eebb8c074f8438e0c958fe77ebca4c4cdcad95945df213e7da8ae31","76fe00a67bbf268952739b5117f2db6747fdd7fad7489d6b846424d8d921376e","d4703655bb2f51f6a4d74f99345a19c5acd79c5586c0fbc342715489c00846c7","cd0c45cf812bd834af634049a167d79469c196c484df555a67586a7c91416644","30b5bfee3c07b9bdb646b8e42c1bcef3fc5453eac750b46e88655c199539a785","e199d4cb12f836ce1b4b207d76e459bce691a48bccb59dbec27cbdaf0ec42642","0ac3a540e8973b0fac77213893f843e0867e7f98d71b8c6389f9c492340218de","86d7387befce8a7f1a0914324cb19fc506db817365ea65be45f0a9a8eb5674b1"],"uploadUrl":"https://upload-firebasehosting.googleapis.com/upload/sites/vue-portfolio-c077e/versions/da20c6e955a12f09/files"}
[debug] [2025-07-04T20:01:39.860Z] Checked if tokens are valid: true, expires at: 1751662848181
[debug] [2025-07-04T20:01:39.860Z] Checked if tokens are valid: true, expires at: 1751662848181
[debug] [2025-07-04T20:01:39.861Z] Checked if tokens are valid: true, expires at: 1751662848181
[debug] [2025-07-04T20:01:39.861Z] Checked if tokens are valid: true, expires at: 1751662848181
[debug] [2025-07-04T20:01:39.861Z] Checked if tokens are valid: true, expires at: 1751662848181
[debug] [2025-07-04T20:01:39.861Z] Checked if tokens are valid: true, expires at: 1751662848181
[debug] [2025-07-04T20:01:39.861Z] Checked if tokens are valid: true, expires at: 1751662848181
[debug] [2025-07-04T20:01:39.861Z] Checked if tokens are valid: true, expires at: 1751662848181
[debug] [2025-07-04T20:01:39.861Z] Checked if tokens are valid: true, expires at: 1751662848181
[debug] [2025-07-04T20:01:39.862Z] Checked if tokens are valid: true, expires at: 1751662848181
[debug] [2025-07-04T20:01:39.862Z] Checked if tokens are valid: true, expires at: 1751662848181
[debug] [2025-07-04T20:01:39.862Z] Checked if tokens are valid: true, expires at: 1751662848181
[debug] [2025-07-04T20:01:39.862Z] Checked if tokens are valid: true, expires at: 1751662848181
[debug] [2025-07-04T20:01:39.862Z] Checked if tokens are valid: true, expires at: 1751662848181
[debug] [2025-07-04T20:01:39.863Z] Checked if tokens are valid: true, expires at: 1751662848181
[debug] [2025-07-04T20:01:39.863Z] Checked if tokens are valid: true, expires at: 1751662848181
[debug] [2025-07-04T20:01:39.863Z] Checked if tokens are valid: true, expires at: 1751662848181
[debug] [2025-07-04T20:01:39.863Z] Checked if tokens are valid: true, expires at: 1751662848181
[debug] [2025-07-04T20:01:39.863Z] Checked if tokens are valid: true, expires at: 1751662848181
[debug] [2025-07-04T20:01:39.863Z] Checked if tokens are valid: true, expires at: 1751662848181
[debug] [2025-07-04T20:01:39.863Z] Checked if tokens are valid: true, expires at: 1751662848181
[debug] [2025-07-04T20:01:39.863Z] Checked if tokens are valid: true, expires at: 1751662848181
[debug] [2025-07-04T20:01:39.863Z] Checked if tokens are valid: true, expires at: 1751662848181
[debug] [2025-07-04T20:01:39.863Z] Checked if tokens are valid: true, expires at: 1751662848181
[debug] [2025-07-04T20:01:39.863Z] Checked if tokens are valid: true, expires at: 1751662848181
[debug] [2025-07-04T20:01:39.863Z] Checked if tokens are valid: true, expires at: 1751662848181
[debug] [2025-07-04T20:01:39.863Z] Checked if tokens are valid: true, expires at: 1751662848181
[debug] [2025-07-04T20:01:39.863Z] Checked if tokens are valid: true, expires at: 1751662848181
[debug] [2025-07-04T20:01:39.863Z] Checked if tokens are valid: true, expires at: 1751662848181
[debug] [2025-07-04T20:01:39.863Z] Checked if tokens are valid: true, expires at: 1751662848181
[debug] [2025-07-04T20:01:39.864Z] Checked if tokens are valid: true, expires at: 1751662848181
[debug] [2025-07-04T20:01:39.864Z] Checked if tokens are valid: true, expires at: 1751662848181
[debug] [2025-07-04T20:01:39.864Z] Checked if tokens are valid: true, expires at: 1751662848181
[debug] [2025-07-04T20:01:39.864Z] Checked if tokens are valid: true, expires at: 1751662848181
[debug] [2025-07-04T20:01:39.865Z] Checked if tokens are valid: true, expires at: 1751662848181
[debug] [2025-07-04T20:01:39.865Z] Checked if tokens are valid: true, expires at: 1751662848181
[debug] [2025-07-04T20:01:39.865Z] Checked if tokens are valid: true, expires at: 1751662848181
[debug] [2025-07-04T20:01:39.865Z] Checked if tokens are valid: true, expires at: 1751662848181
[debug] [2025-07-04T20:01:39.865Z] Checked if tokens are valid: true, expires at: 1751662848181
[debug] [2025-07-04T20:01:39.865Z] Checked if tokens are valid: true, expires at: 1751662848181
[debug] [2025-07-04T20:01:39.865Z] Checked if tokens are valid: true, expires at: 1751662848181
[debug] [2025-07-04T20:01:39.865Z] Checked if tokens are valid: true, expires at: 1751662848181
[debug] [2025-07-04T20:01:39.866Z] Checked if tokens are valid: true, expires at: 1751662848181
[debug] [2025-07-04T20:01:39.866Z] Checked if tokens are valid: true, expires at: 1751662848181
[debug] [2025-07-04T20:01:39.866Z] Checked if tokens are valid: true, expires at: 1751662848181
[debug] [2025-07-04T20:01:39.866Z] Checked if tokens are valid: true, expires at: 1751662848181
[debug] [2025-07-04T20:01:39.866Z] Checked if tokens are valid: true, expires at: 1751662848181
[debug] [2025-07-04T20:01:39.866Z] Checked if tokens are valid: true, expires at: 1751662848181
[debug] [2025-07-04T20:01:39.866Z] Checked if tokens are valid: true, expires at: 1751662848181
[debug] [2025-07-04T20:01:39.866Z] Checked if tokens are valid: true, expires at: 1751662848181
[debug] [2025-07-04T20:01:39.866Z] Checked if tokens are valid: true, expires at: 1751662848181
[debug] [2025-07-04T20:01:39.866Z] Checked if tokens are valid: true, expires at: 1751662848181
[debug] [2025-07-04T20:01:39.866Z] Checked if tokens are valid: true, expires at: 1751662848181
[debug] [2025-07-04T20:01:39.866Z] Checked if tokens are valid: true, expires at: 1751662848181
[debug] [2025-07-04T20:01:39.866Z] Checked if tokens are valid: true, expires at: 1751662848181
[debug] [2025-07-04T20:01:39.866Z] Checked if tokens are valid: true, expires at: 1751662848181
[debug] [2025-07-04T20:01:39.866Z] Checked if tokens are valid: true, expires at: 1751662848181
[debug] [2025-07-04T20:01:39.866Z] Checked if tokens are valid: true, expires at: 1751662848181
[debug] [2025-07-04T20:01:39.867Z] Checked if tokens are valid: true, expires at: 1751662848181
[debug] [2025-07-04T20:01:39.867Z] Checked if tokens are valid: true, expires at: 1751662848181
[debug] [2025-07-04T20:01:39.867Z] Checked if tokens are valid: true, expires at: 1751662848181
[debug] [2025-07-04T20:01:39.868Z] Checked if tokens are valid: true, expires at: 1751662848181
[debug] [2025-07-04T20:01:39.868Z] Checked if tokens are valid: true, expires at: 1751662848181
[debug] [2025-07-04T20:01:39.868Z] Checked if tokens are valid: true, expires at: 1751662848181
[debug] [2025-07-04T20:01:39.868Z] Checked if tokens are valid: true, expires at: 1751662848181
[debug] [2025-07-04T20:01:39.868Z] Checked if tokens are valid: true, expires at: 1751662848181
[debug] [2025-07-04T20:01:39.868Z] Checked if tokens are valid: true, expires at: 1751662848181
[debug] [2025-07-04T20:01:39.868Z] Checked if tokens are valid: true, expires at: 1751662848181
[debug] [2025-07-04T20:01:39.868Z] Checked if tokens are valid: true, expires at: 1751662848181
[debug] [2025-07-04T20:01:39.868Z] Checked if tokens are valid: true, expires at: 1751662848181
[debug] [2025-07-04T20:01:39.868Z] Checked if tokens are valid: true, expires at: 1751662848181
[debug] [2025-07-04T20:01:39.868Z] Checked if tokens are valid: true, expires at: 1751662848181
[debug] [2025-07-04T20:01:39.868Z] Checked if tokens are valid: true, expires at: 1751662848181
[debug] [2025-07-04T20:01:39.868Z] Checked if tokens are valid: true, expires at: 1751662848181
[debug] [2025-07-04T20:01:39.868Z] Checked if tokens are valid: true, expires at: 1751662848181
[debug] [2025-07-04T20:01:39.868Z] Checked if tokens are valid: true, expires at: 1751662848181
[debug] [2025-07-04T20:01:39.869Z] Checked if tokens are valid: true, expires at: 1751662848181
[debug] [2025-07-04T20:01:39.869Z] Checked if tokens are valid: true, expires at: 1751662848181
[debug] [2025-07-04T20:01:39.869Z] Checked if tokens are valid: true, expires at: 1751662848181
[debug] [2025-07-04T20:01:39.869Z] Checked if tokens are valid: true, expires at: 1751662848181
[debug] [2025-07-04T20:01:39.869Z] >>> [apiv2][query] POST https://upload-firebasehosting.googleapis.com/upload/sites/vue-portfolio-c077e/versions/da20c6e955a12f09/files/a506df2b0d4597b5c88da6bfa85ffe4bab4cffebcb3051f4bdea00026a2cf173 [none]
[debug] [2025-07-04T20:01:39.869Z] >>> [apiv2][body] POST https://upload-firebasehosting.googleapis.com/upload/sites/vue-portfolio-c077e/versions/da20c6e955a12f09/files/a506df2b0d4597b5c88da6bfa85ffe4bab4cffebcb3051f4bdea00026a2cf173 [stream]
[debug] [2025-07-04T20:01:39.870Z] >>> [apiv2][query] POST https://upload-firebasehosting.googleapis.com/upload/sites/vue-portfolio-c077e/versions/da20c6e955a12f09/files/346ebcdba0463435e3b5461225f90f60a0220f7b1e2ac74c0644ecfea7fded6d [none]
[debug] [2025-07-04T20:01:39.870Z] >>> [apiv2][body] POST https://upload-firebasehosting.googleapis.com/upload/sites/vue-portfolio-c077e/versions/da20c6e955a12f09/files/346ebcdba0463435e3b5461225f90f60a0220f7b1e2ac74c0644ecfea7fded6d [stream]
[debug] [2025-07-04T20:01:39.871Z] >>> [apiv2][query] POST https://upload-firebasehosting.googleapis.com/upload/sites/vue-portfolio-c077e/versions/da20c6e955a12f09/files/b790322641b157b9dee486c743d22ed889296082cb4b7c088d0dcfd3eca927b0 [none]
[debug] [2025-07-04T20:01:39.872Z] >>> [apiv2][body] POST https://upload-firebasehosting.googleapis.com/upload/sites/vue-portfolio-c077e/versions/da20c6e955a12f09/files/b790322641b157b9dee486c743d22ed889296082cb4b7c088d0dcfd3eca927b0 [stream]
[debug] [2025-07-04T20:01:39.872Z] >>> [apiv2][query] POST https://upload-firebasehosting.googleapis.com/upload/sites/vue-portfolio-c077e/versions/da20c6e955a12f09/files/a8c2b32a6896a2ca09f3875ff5a7409c5c6b8b2ff7490b6549f45e4283e169a4 [none]
[debug] [2025-07-04T20:01:39.872Z] >>> [apiv2][body] POST https://upload-firebasehosting.googleapis.com/upload/sites/vue-portfolio-c077e/versions/da20c6e955a12f09/files/a8c2b32a6896a2ca09f3875ff5a7409c5c6b8b2ff7490b6549f45e4283e169a4 [stream]
[debug] [2025-07-04T20:01:39.873Z] >>> [apiv2][query] POST https://upload-firebasehosting.googleapis.com/upload/sites/vue-portfolio-c077e/versions/da20c6e955a12f09/files/9d59d450ccb87e8e0c2a05283a732f52fca625d1c5f517a74fdeee22d88f3cb7 [none]
[debug] [2025-07-04T20:01:39.873Z] >>> [apiv2][body] POST https://upload-firebasehosting.googleapis.com/upload/sites/vue-portfolio-c077e/versions/da20c6e955a12f09/files/9d59d450ccb87e8e0c2a05283a732f52fca625d1c5f517a74fdeee22d88f3cb7 [stream]
[debug] [2025-07-04T20:01:39.874Z] >>> [apiv2][query] POST https://upload-firebasehosting.googleapis.com/upload/sites/vue-portfolio-c077e/versions/da20c6e955a12f09/files/db0230bd5a53fb61aeb0e365d365153474df3ff91f8cfc058d1963cc3f77d566 [none]
[debug] [2025-07-04T20:01:39.874Z] >>> [apiv2][body] POST https://upload-firebasehosting.googleapis.com/upload/sites/vue-portfolio-c077e/versions/da20c6e955a12f09/files/db0230bd5a53fb61aeb0e365d365153474df3ff91f8cfc058d1963cc3f77d566 [stream]
[debug] [2025-07-04T20:01:39.875Z] >>> [apiv2][query] POST https://upload-firebasehosting.googleapis.com/upload/sites/vue-portfolio-c077e/versions/da20c6e955a12f09/files/54dce429634b2ef6eaa945978f5bfd0831f8aecc226159335aa0a518f62c92f7 [none]
[debug] [2025-07-04T20:01:39.875Z] >>> [apiv2][body] POST https://upload-firebasehosting.googleapis.com/upload/sites/vue-portfolio-c077e/versions/da20c6e955a12f09/files/54dce429634b2ef6eaa945978f5bfd0831f8aecc226159335aa0a518f62c92f7 [stream]
[debug] [2025-07-04T20:01:39.876Z] >>> [apiv2][query] POST https://upload-firebasehosting.googleapis.com/upload/sites/vue-portfolio-c077e/versions/da20c6e955a12f09/files/df4b47041092fc6da66ee36a49110ac72764c9149281c93363b3fcd5c5d1db19 [none]
[debug] [2025-07-04T20:01:39.876Z] >>> [apiv2][body] POST https://upload-firebasehosting.googleapis.com/upload/sites/vue-portfolio-c077e/versions/da20c6e955a12f09/files/df4b47041092fc6da66ee36a49110ac72764c9149281c93363b3fcd5c5d1db19 [stream]
[debug] [2025-07-04T20:01:39.877Z] >>> [apiv2][query] POST https://upload-firebasehosting.googleapis.com/upload/sites/vue-portfolio-c077e/versions/da20c6e955a12f09/files/8b8983300a2098c7bb74b5f7c6957b1fb0c3a6e91b232e9b167c6de2c2533b36 [none]
[debug] [2025-07-04T20:01:39.877Z] >>> [apiv2][body] POST https://upload-firebasehosting.googleapis.com/upload/sites/vue-portfolio-c077e/versions/da20c6e955a12f09/files/8b8983300a2098c7bb74b5f7c6957b1fb0c3a6e91b232e9b167c6de2c2533b36 [stream]
[debug] [2025-07-04T20:01:39.877Z] >>> [apiv2][query] POST https://upload-firebasehosting.googleapis.com/upload/sites/vue-portfolio-c077e/versions/da20c6e955a12f09/files/818e19b6dd0f1110f3b9fe0f08e9651b3a382393716facb301fd1cab198fb485 [none]
[debug] [2025-07-04T20:01:39.877Z] >>> [apiv2][body] POST https://upload-firebasehosting.googleapis.com/upload/sites/vue-portfolio-c077e/versions/da20c6e955a12f09/files/818e19b6dd0f1110f3b9fe0f08e9651b3a382393716facb301fd1cab198fb485 [stream]
[debug] [2025-07-04T20:01:39.878Z] >>> [apiv2][query] POST https://upload-firebasehosting.googleapis.com/upload/sites/vue-portfolio-c077e/versions/da20c6e955a12f09/files/7c4d9ef4c02b386bac6f571dc7f3963da6b17e3e41033c335be24d644af0390b [none]
[debug] [2025-07-04T20:01:39.878Z] >>> [apiv2][body] POST https://upload-firebasehosting.googleapis.com/upload/sites/vue-portfolio-c077e/versions/da20c6e955a12f09/files/7c4d9ef4c02b386bac6f571dc7f3963da6b17e3e41033c335be24d644af0390b [stream]
[debug] [2025-07-04T20:01:39.879Z] >>> [apiv2][query] POST https://upload-firebasehosting.googleapis.com/upload/sites/vue-portfolio-c077e/versions/da20c6e955a12f09/files/066cf2609ce5e5ee78ace478338414febaeb6232d0446fc1d1827e1a93bb157f [none]
[debug] [2025-07-04T20:01:39.879Z] >>> [apiv2][body] POST https://upload-firebasehosting.googleapis.com/upload/sites/vue-portfolio-c077e/versions/da20c6e955a12f09/files/066cf2609ce5e5ee78ace478338414febaeb6232d0446fc1d1827e1a93bb157f [stream]
[debug] [2025-07-04T20:01:39.880Z] >>> [apiv2][query] POST https://upload-firebasehosting.googleapis.com/upload/sites/vue-portfolio-c077e/versions/da20c6e955a12f09/files/13202fa12712829214588ab235d637a6ebed839324efeb3a31248a53f096a542 [none]
[debug] [2025-07-04T20:01:39.880Z] >>> [apiv2][body] POST https://upload-firebasehosting.googleapis.com/upload/sites/vue-portfolio-c077e/versions/da20c6e955a12f09/files/13202fa12712829214588ab235d637a6ebed839324efeb3a31248a53f096a542 [stream]
[debug] [2025-07-04T20:01:39.880Z] >>> [apiv2][query] POST https://upload-firebasehosting.googleapis.com/upload/sites/vue-portfolio-c077e/versions/da20c6e955a12f09/files/497fe5056454e4f5687063a4d3a6b18ce033a7054a243aa87f23fe87ee81a2aa [none]
[debug] [2025-07-04T20:01:39.880Z] >>> [apiv2][body] POST https://upload-firebasehosting.googleapis.com/upload/sites/vue-portfolio-c077e/versions/da20c6e955a12f09/files/497fe5056454e4f5687063a4d3a6b18ce033a7054a243aa87f23fe87ee81a2aa [stream]
[debug] [2025-07-04T20:01:39.881Z] >>> [apiv2][query] POST https://upload-firebasehosting.googleapis.com/upload/sites/vue-portfolio-c077e/versions/da20c6e955a12f09/files/859a240bfa3625cec10477a94a22819399819b95f23657503476e09bd3e59371 [none]
[debug] [2025-07-04T20:01:39.881Z] >>> [apiv2][body] POST https://upload-firebasehosting.googleapis.com/upload/sites/vue-portfolio-c077e/versions/da20c6e955a12f09/files/859a240bfa3625cec10477a94a22819399819b95f23657503476e09bd3e59371 [stream]
[debug] [2025-07-04T20:01:39.882Z] >>> [apiv2][query] POST https://upload-firebasehosting.googleapis.com/upload/sites/vue-portfolio-c077e/versions/da20c6e955a12f09/files/a48e6cc163b97cd7d454be2f96e0f3c269026fac8bd7c9636ba3086f914102af [none]
[debug] [2025-07-04T20:01:39.882Z] >>> [apiv2][body] POST https://upload-firebasehosting.googleapis.com/upload/sites/vue-portfolio-c077e/versions/da20c6e955a12f09/files/a48e6cc163b97cd7d454be2f96e0f3c269026fac8bd7c9636ba3086f914102af [stream]
[debug] [2025-07-04T20:01:39.883Z] >>> [apiv2][query] POST https://upload-firebasehosting.googleapis.com/upload/sites/vue-portfolio-c077e/versions/da20c6e955a12f09/files/284d1b1f3df16c197e8d9fa5afb606df4dc2a5b485efdefd80687e99c4893692 [none]
[debug] [2025-07-04T20:01:39.883Z] >>> [apiv2][body] POST https://upload-firebasehosting.googleapis.com/upload/sites/vue-portfolio-c077e/versions/da20c6e955a12f09/files/284d1b1f3df16c197e8d9fa5afb606df4dc2a5b485efdefd80687e99c4893692 [stream]
[debug] [2025-07-04T20:01:39.885Z] >>> [apiv2][query] POST https://upload-firebasehosting.googleapis.com/upload/sites/vue-portfolio-c077e/versions/da20c6e955a12f09/files/1d5c91d9652c7e0e6e6f5f3b68f7082e9718239c80ab82ec79b61c4f67e85a80 [none]
[debug] [2025-07-04T20:01:39.885Z] >>> [apiv2][body] POST https://upload-firebasehosting.googleapis.com/upload/sites/vue-portfolio-c077e/versions/da20c6e955a12f09/files/1d5c91d9652c7e0e6e6f5f3b68f7082e9718239c80ab82ec79b61c4f67e85a80 [stream]
[debug] [2025-07-04T20:01:39.886Z] >>> [apiv2][query] POST https://upload-firebasehosting.googleapis.com/upload/sites/vue-portfolio-c077e/versions/da20c6e955a12f09/files/1a83ffcf5b32c82e1460ee6657f39a7958a5d134e733d8068a9554eb46ba10ac [none]
[debug] [2025-07-04T20:01:39.886Z] >>> [apiv2][body] POST https://upload-firebasehosting.googleapis.com/upload/sites/vue-portfolio-c077e/versions/da20c6e955a12f09/files/1a83ffcf5b32c82e1460ee6657f39a7958a5d134e733d8068a9554eb46ba10ac [stream]
[debug] [2025-07-04T20:01:39.887Z] >>> [apiv2][query] POST https://upload-firebasehosting.googleapis.com/upload/sites/vue-portfolio-c077e/versions/da20c6e955a12f09/files/db78df6e91e2d4afafe208f40b75f18e81c565a69f937401a3c8e647fcad6aa0 [none]
[debug] [2025-07-04T20:01:39.887Z] >>> [apiv2][body] POST https://upload-firebasehosting.googleapis.com/upload/sites/vue-portfolio-c077e/versions/da20c6e955a12f09/files/db78df6e91e2d4afafe208f40b75f18e81c565a69f937401a3c8e647fcad6aa0 [stream]
[debug] [2025-07-04T20:01:39.887Z] >>> [apiv2][query] POST https://upload-firebasehosting.googleapis.com/upload/sites/vue-portfolio-c077e/versions/da20c6e955a12f09/files/482988fe68008353b197f19ca44d7d23ee34f9ca60c5975eb85f1525502f1b7b [none]
[debug] [2025-07-04T20:01:39.887Z] >>> [apiv2][body] POST https://upload-firebasehosting.googleapis.com/upload/sites/vue-portfolio-c077e/versions/da20c6e955a12f09/files/482988fe68008353b197f19ca44d7d23ee34f9ca60c5975eb85f1525502f1b7b [stream]
[debug] [2025-07-04T20:01:39.888Z] >>> [apiv2][query] POST https://upload-firebasehosting.googleapis.com/upload/sites/vue-portfolio-c077e/versions/da20c6e955a12f09/files/946766d309d47c70d8ae37ba77b41e592b22f650e09e03789ae891b9a153d742 [none]
[debug] [2025-07-04T20:01:39.888Z] >>> [apiv2][body] POST https://upload-firebasehosting.googleapis.com/upload/sites/vue-portfolio-c077e/versions/da20c6e955a12f09/files/946766d309d47c70d8ae37ba77b41e592b22f650e09e03789ae891b9a153d742 [stream]
[debug] [2025-07-04T20:01:39.888Z] >>> [apiv2][query] POST https://upload-firebasehosting.googleapis.com/upload/sites/vue-portfolio-c077e/versions/da20c6e955a12f09/files/dc6253288bd7b2e52d441680a8c92d65311350504b2ffc67b387e10593f8bdf0 [none]
[debug] [2025-07-04T20:01:39.888Z] >>> [apiv2][body] POST https://upload-firebasehosting.googleapis.com/upload/sites/vue-portfolio-c077e/versions/da20c6e955a12f09/files/dc6253288bd7b2e52d441680a8c92d65311350504b2ffc67b387e10593f8bdf0 [stream]
[debug] [2025-07-04T20:01:39.889Z] >>> [apiv2][query] POST https://upload-firebasehosting.googleapis.com/upload/sites/vue-portfolio-c077e/versions/da20c6e955a12f09/files/c3d9932551bdf9cc614f51049b9399df0391ec6a1b7deb8321f9596c4c11c50c [none]
[debug] [2025-07-04T20:01:39.889Z] >>> [apiv2][body] POST https://upload-firebasehosting.googleapis.com/upload/sites/vue-portfolio-c077e/versions/da20c6e955a12f09/files/c3d9932551bdf9cc614f51049b9399df0391ec6a1b7deb8321f9596c4c11c50c [stream]
[debug] [2025-07-04T20:01:39.889Z] >>> [apiv2][query] POST https://upload-firebasehosting.googleapis.com/upload/sites/vue-portfolio-c077e/versions/da20c6e955a12f09/files/431e5adf261e9857b5e8d27272b94d69f275bf3b180064c755044ed7912a4ee2 [none]
[debug] [2025-07-04T20:01:39.889Z] >>> [apiv2][body] POST https://upload-firebasehosting.googleapis.com/upload/sites/vue-portfolio-c077e/versions/da20c6e955a12f09/files/431e5adf261e9857b5e8d27272b94d69f275bf3b180064c755044ed7912a4ee2 [stream]
[debug] [2025-07-04T20:01:39.890Z] >>> [apiv2][query] POST https://upload-firebasehosting.googleapis.com/upload/sites/vue-portfolio-c077e/versions/da20c6e955a12f09/files/ed2840ec5b3871469083bd3c71b43c78fe5107fd7eb0ec354bc4db9c647efbf9 [none]
[debug] [2025-07-04T20:01:39.890Z] >>> [apiv2][body] POST https://upload-firebasehosting.googleapis.com/upload/sites/vue-portfolio-c077e/versions/da20c6e955a12f09/files/ed2840ec5b3871469083bd3c71b43c78fe5107fd7eb0ec354bc4db9c647efbf9 [stream]
[debug] [2025-07-04T20:01:39.891Z] >>> [apiv2][query] POST https://upload-firebasehosting.googleapis.com/upload/sites/vue-portfolio-c077e/versions/da20c6e955a12f09/files/af5a766e61727628e6cd63c8f5702de4eaf3a13869830d2f8d430916d726bc57 [none]
[debug] [2025-07-04T20:01:39.891Z] >>> [apiv2][body] POST https://upload-firebasehosting.googleapis.com/upload/sites/vue-portfolio-c077e/versions/da20c6e955a12f09/files/af5a766e61727628e6cd63c8f5702de4eaf3a13869830d2f8d430916d726bc57 [stream]
[debug] [2025-07-04T20:01:39.891Z] >>> [apiv2][query] POST https://upload-firebasehosting.googleapis.com/upload/sites/vue-portfolio-c077e/versions/da20c6e955a12f09/files/565658751bf3b9695f3711244b3c16b7ac0b0744eba318188326b2fd67e92a16 [none]
[debug] [2025-07-04T20:01:39.891Z] >>> [apiv2][body] POST https://upload-firebasehosting.googleapis.com/upload/sites/vue-portfolio-c077e/versions/da20c6e955a12f09/files/565658751bf3b9695f3711244b3c16b7ac0b0744eba318188326b2fd67e92a16 [stream]
[debug] [2025-07-04T20:01:39.892Z] >>> [apiv2][query] POST https://upload-firebasehosting.googleapis.com/upload/sites/vue-portfolio-c077e/versions/da20c6e955a12f09/files/58ecd18d3da94da000c1ef5d03f13ceaec85786b8e6d229874216f217b065a5c [none]
[debug] [2025-07-04T20:01:39.892Z] >>> [apiv2][body] POST https://upload-firebasehosting.googleapis.com/upload/sites/vue-portfolio-c077e/versions/da20c6e955a12f09/files/58ecd18d3da94da000c1ef5d03f13ceaec85786b8e6d229874216f217b065a5c [stream]
[debug] [2025-07-04T20:01:39.892Z] >>> [apiv2][query] POST https://upload-firebasehosting.googleapis.com/upload/sites/vue-portfolio-c077e/versions/da20c6e955a12f09/files/62dba2b0186548e28d1c9eae4f34731e0e9f1d15564a492eb1df511385814e66 [none]
[debug] [2025-07-04T20:01:39.892Z] >>> [apiv2][body] POST https://upload-firebasehosting.googleapis.com/upload/sites/vue-portfolio-c077e/versions/da20c6e955a12f09/files/62dba2b0186548e28d1c9eae4f34731e0e9f1d15564a492eb1df511385814e66 [stream]
[debug] [2025-07-04T20:01:39.893Z] >>> [apiv2][query] POST https://upload-firebasehosting.googleapis.com/upload/sites/vue-portfolio-c077e/versions/da20c6e955a12f09/files/d1e42ba0971f86da15cd9667481304bb30aac05c42366e955a0008f3e79aeed1 [none]
[debug] [2025-07-04T20:01:39.893Z] >>> [apiv2][body] POST https://upload-firebasehosting.googleapis.com/upload/sites/vue-portfolio-c077e/versions/da20c6e955a12f09/files/d1e42ba0971f86da15cd9667481304bb30aac05c42366e955a0008f3e79aeed1 [stream]
[debug] [2025-07-04T20:01:39.893Z] >>> [apiv2][query] POST https://upload-firebasehosting.googleapis.com/upload/sites/vue-portfolio-c077e/versions/da20c6e955a12f09/files/d7dac045553bc3bfd35074d746c51dbdf437d05e343dc0095235fd376ebcf478 [none]
[debug] [2025-07-04T20:01:39.894Z] >>> [apiv2][body] POST https://upload-firebasehosting.googleapis.com/upload/sites/vue-portfolio-c077e/versions/da20c6e955a12f09/files/d7dac045553bc3bfd35074d746c51dbdf437d05e343dc0095235fd376ebcf478 [stream]
[debug] [2025-07-04T20:01:39.895Z] >>> [apiv2][query] POST https://upload-firebasehosting.googleapis.com/upload/sites/vue-portfolio-c077e/versions/da20c6e955a12f09/files/daa86f187eebb8c074f8438e0c958fe77ebca4c4cdcad95945df213e7da8ae31 [none]
[debug] [2025-07-04T20:01:39.895Z] >>> [apiv2][body] POST https://upload-firebasehosting.googleapis.com/upload/sites/vue-portfolio-c077e/versions/da20c6e955a12f09/files/daa86f187eebb8c074f8438e0c958fe77ebca4c4cdcad95945df213e7da8ae31 [stream]
[debug] [2025-07-04T20:01:39.897Z] >>> [apiv2][query] POST https://upload-firebasehosting.googleapis.com/upload/sites/vue-portfolio-c077e/versions/da20c6e955a12f09/files/76fe00a67bbf268952739b5117f2db6747fdd7fad7489d6b846424d8d921376e [none]
[debug] [2025-07-04T20:01:39.897Z] >>> [apiv2][body] POST https://upload-firebasehosting.googleapis.com/upload/sites/vue-portfolio-c077e/versions/da20c6e955a12f09/files/76fe00a67bbf268952739b5117f2db6747fdd7fad7489d6b846424d8d921376e [stream]
[debug] [2025-07-04T20:01:39.899Z] >>> [apiv2][query] POST https://upload-firebasehosting.googleapis.com/upload/sites/vue-portfolio-c077e/versions/da20c6e955a12f09/files/d4703655bb2f51f6a4d74f99345a19c5acd79c5586c0fbc342715489c00846c7 [none]
[debug] [2025-07-04T20:01:39.899Z] >>> [apiv2][body] POST https://upload-firebasehosting.googleapis.com/upload/sites/vue-portfolio-c077e/versions/da20c6e955a12f09/files/d4703655bb2f51f6a4d74f99345a19c5acd79c5586c0fbc342715489c00846c7 [stream]
[debug] [2025-07-04T20:01:39.900Z] >>> [apiv2][query] POST https://upload-firebasehosting.googleapis.com/upload/sites/vue-portfolio-c077e/versions/da20c6e955a12f09/files/cd0c45cf812bd834af634049a167d79469c196c484df555a67586a7c91416644 [none]
[debug] [2025-07-04T20:01:39.900Z] >>> [apiv2][body] POST https://upload-firebasehosting.googleapis.com/upload/sites/vue-portfolio-c077e/versions/da20c6e955a12f09/files/cd0c45cf812bd834af634049a167d79469c196c484df555a67586a7c91416644 [stream]
[debug] [2025-07-04T20:01:39.901Z] >>> [apiv2][query] POST https://upload-firebasehosting.googleapis.com/upload/sites/vue-portfolio-c077e/versions/da20c6e955a12f09/files/30b5bfee3c07b9bdb646b8e42c1bcef3fc5453eac750b46e88655c199539a785 [none]
[debug] [2025-07-04T20:01:39.901Z] >>> [apiv2][body] POST https://upload-firebasehosting.googleapis.com/upload/sites/vue-portfolio-c077e/versions/da20c6e955a12f09/files/30b5bfee3c07b9bdb646b8e42c1bcef3fc5453eac750b46e88655c199539a785 [stream]
[debug] [2025-07-04T20:01:39.902Z] >>> [apiv2][query] POST https://upload-firebasehosting.googleapis.com/upload/sites/vue-portfolio-c077e/versions/da20c6e955a12f09/files/e199d4cb12f836ce1b4b207d76e459bce691a48bccb59dbec27cbdaf0ec42642 [none]
[debug] [2025-07-04T20:01:39.902Z] >>> [apiv2][body] POST https://upload-firebasehosting.googleapis.com/upload/sites/vue-portfolio-c077e/versions/da20c6e955a12f09/files/e199d4cb12f836ce1b4b207d76e459bce691a48bccb59dbec27cbdaf0ec42642 [stream]
[debug] [2025-07-04T20:01:39.902Z] >>> [apiv2][query] POST https://upload-firebasehosting.googleapis.com/upload/sites/vue-portfolio-c077e/versions/da20c6e955a12f09/files/0ac3a540e8973b0fac77213893f843e0867e7f98d71b8c6389f9c492340218de [none]
[debug] [2025-07-04T20:01:39.903Z] >>> [apiv2][body] POST https://upload-firebasehosting.googleapis.com/upload/sites/vue-portfolio-c077e/versions/da20c6e955a12f09/files/0ac3a540e8973b0fac77213893f843e0867e7f98d71b8c6389f9c492340218de [stream]
[debug] [2025-07-04T20:01:39.903Z] >>> [apiv2][query] POST https://upload-firebasehosting.googleapis.com/upload/sites/vue-portfolio-c077e/versions/da20c6e955a12f09/files/86d7387befce8a7f1a0914324cb19fc506db817365ea65be45f0a9a8eb5674b1 [none]
[debug] [2025-07-04T20:01:39.903Z] >>> [apiv2][body] POST https://upload-firebasehosting.googleapis.com/upload/sites/vue-portfolio-c077e/versions/da20c6e955a12f09/files/86d7387befce8a7f1a0914324cb19fc506db817365ea65be45f0a9a8eb5674b1 [stream]
[debug] [2025-07-04T20:01:39.904Z] [hosting][populate queue][FINAL] {"max":808,"min":808,"avg":808,"active":0,"complete":1,"success":1,"errored":0,"retried":0,"total":1,"elapsed":843}
[debug] [2025-07-04T20:01:39.904Z] [hosting] uploads queued: 40
[debug] [2025-07-04T20:01:41.508Z] <<< [apiv2][status] POST https://upload-firebasehosting.googleapis.com/upload/sites/vue-portfolio-c077e/versions/da20c6e955a12f09/files/b790322641b157b9dee486c743d22ed889296082cb4b7c088d0dcfd3eca927b0 200
[debug] [2025-07-04T20:01:41.509Z] <<< [apiv2][body] POST https://upload-firebasehosting.googleapis.com/upload/sites/vue-portfolio-c077e/versions/da20c6e955a12f09/files/b790322641b157b9dee486c743d22ed889296082cb4b7c088d0dcfd3eca927b0 [stream]
[debug] [2025-07-04T20:01:41.509Z] <<< [apiv2][status] POST https://upload-firebasehosting.googleapis.com/upload/sites/vue-portfolio-c077e/versions/da20c6e955a12f09/files/86d7387befce8a7f1a0914324cb19fc506db817365ea65be45f0a9a8eb5674b1 200
[debug] [2025-07-04T20:01:41.509Z] <<< [apiv2][body] POST https://upload-firebasehosting.googleapis.com/upload/sites/vue-portfolio-c077e/versions/da20c6e955a12f09/files/86d7387befce8a7f1a0914324cb19fc506db817365ea65be45f0a9a8eb5674b1 [stream]
[debug] [2025-07-04T20:01:41.569Z] <<< [apiv2][status] POST https://upload-firebasehosting.googleapis.com/upload/sites/vue-portfolio-c077e/versions/da20c6e955a12f09/files/946766d309d47c70d8ae37ba77b41e592b22f650e09e03789ae891b9a153d742 200
[debug] [2025-07-04T20:01:41.569Z] <<< [apiv2][body] POST https://upload-firebasehosting.googleapis.com/upload/sites/vue-portfolio-c077e/versions/da20c6e955a12f09/files/946766d309d47c70d8ae37ba77b41e592b22f650e09e03789ae891b9a153d742 [stream]
[debug] [2025-07-04T20:01:41.577Z] <<< [apiv2][status] POST https://upload-firebasehosting.googleapis.com/upload/sites/vue-portfolio-c077e/versions/da20c6e955a12f09/files/284d1b1f3df16c197e8d9fa5afb606df4dc2a5b485efdefd80687e99c4893692 200
[debug] [2025-07-04T20:01:41.577Z] <<< [apiv2][body] POST https://upload-firebasehosting.googleapis.com/upload/sites/vue-portfolio-c077e/versions/da20c6e955a12f09/files/284d1b1f3df16c197e8d9fa5afb606df4dc2a5b485efdefd80687e99c4893692 [stream]
[debug] [2025-07-04T20:01:41.618Z] <<< [apiv2][status] POST https://upload-firebasehosting.googleapis.com/upload/sites/vue-portfolio-c077e/versions/da20c6e955a12f09/files/859a240bfa3625cec10477a94a22819399819b95f23657503476e09bd3e59371 200
[debug] [2025-07-04T20:01:41.618Z] <<< [apiv2][body] POST https://upload-firebasehosting.googleapis.com/upload/sites/vue-portfolio-c077e/versions/da20c6e955a12f09/files/859a240bfa3625cec10477a94a22819399819b95f23657503476e09bd3e59371 [stream]
[debug] [2025-07-04T20:01:41.631Z] <<< [apiv2][status] POST https://upload-firebasehosting.googleapis.com/upload/sites/vue-portfolio-c077e/versions/da20c6e955a12f09/files/dc6253288bd7b2e52d441680a8c92d65311350504b2ffc67b387e10593f8bdf0 200
[debug] [2025-07-04T20:01:41.631Z] <<< [apiv2][body] POST https://upload-firebasehosting.googleapis.com/upload/sites/vue-portfolio-c077e/versions/da20c6e955a12f09/files/dc6253288bd7b2e52d441680a8c92d65311350504b2ffc67b387e10593f8bdf0 [stream]
[debug] [2025-07-04T20:01:41.704Z] <<< [apiv2][status] POST https://upload-firebasehosting.googleapis.com/upload/sites/vue-portfolio-c077e/versions/da20c6e955a12f09/files/58ecd18d3da94da000c1ef5d03f13ceaec85786b8e6d229874216f217b065a5c 200
[debug] [2025-07-04T20:01:41.704Z] <<< [apiv2][body] POST https://upload-firebasehosting.googleapis.com/upload/sites/vue-portfolio-c077e/versions/da20c6e955a12f09/files/58ecd18d3da94da000c1ef5d03f13ceaec85786b8e6d229874216f217b065a5c [stream]
[debug] [2025-07-04T20:01:41.756Z] <<< [apiv2][status] POST https://upload-firebasehosting.googleapis.com/upload/sites/vue-portfolio-c077e/versions/da20c6e955a12f09/files/d7dac045553bc3bfd35074d746c51dbdf437d05e343dc0095235fd376ebcf478 200
[debug] [2025-07-04T20:01:41.756Z] <<< [apiv2][body] POST https://upload-firebasehosting.googleapis.com/upload/sites/vue-portfolio-c077e/versions/da20c6e955a12f09/files/d7dac045553bc3bfd35074d746c51dbdf437d05e343dc0095235fd376ebcf478 [stream]
[debug] [2025-07-04T20:01:41.768Z] <<< [apiv2][status] POST https://upload-firebasehosting.googleapis.com/upload/sites/vue-portfolio-c077e/versions/da20c6e955a12f09/files/e199d4cb12f836ce1b4b207d76e459bce691a48bccb59dbec27cbdaf0ec42642 200
[debug] [2025-07-04T20:01:41.768Z] <<< [apiv2][body] POST https://upload-firebasehosting.googleapis.com/upload/sites/vue-portfolio-c077e/versions/da20c6e955a12f09/files/e199d4cb12f836ce1b4b207d76e459bce691a48bccb59dbec27cbdaf0ec42642 [stream]
[debug] [2025-07-04T20:01:41.771Z] <<< [apiv2][status] POST https://upload-firebasehosting.googleapis.com/upload/sites/vue-portfolio-c077e/versions/da20c6e955a12f09/files/7c4d9ef4c02b386bac6f571dc7f3963da6b17e3e41033c335be24d644af0390b 200
[debug] [2025-07-04T20:01:41.771Z] <<< [apiv2][body] POST https://upload-firebasehosting.googleapis.com/upload/sites/vue-portfolio-c077e/versions/da20c6e955a12f09/files/7c4d9ef4c02b386bac6f571dc7f3963da6b17e3e41033c335be24d644af0390b [stream]
[debug] [2025-07-04T20:01:41.777Z] <<< [apiv2][status] POST https://upload-firebasehosting.googleapis.com/upload/sites/vue-portfolio-c077e/versions/da20c6e955a12f09/files/db0230bd5a53fb61aeb0e365d365153474df3ff91f8cfc058d1963cc3f77d566 200
[debug] [2025-07-04T20:01:41.778Z] <<< [apiv2][body] POST https://upload-firebasehosting.googleapis.com/upload/sites/vue-portfolio-c077e/versions/da20c6e955a12f09/files/db0230bd5a53fb61aeb0e365d365153474df3ff91f8cfc058d1963cc3f77d566 [stream]
[debug] [2025-07-04T20:01:41.781Z] <<< [apiv2][status] POST https://upload-firebasehosting.googleapis.com/upload/sites/vue-portfolio-c077e/versions/da20c6e955a12f09/files/a506df2b0d4597b5c88da6bfa85ffe4bab4cffebcb3051f4bdea00026a2cf173 200
[debug] [2025-07-04T20:01:41.781Z] <<< [apiv2][body] POST https://upload-firebasehosting.googleapis.com/upload/sites/vue-portfolio-c077e/versions/da20c6e955a12f09/files/a506df2b0d4597b5c88da6bfa85ffe4bab4cffebcb3051f4bdea00026a2cf173 [stream]
[debug] [2025-07-04T20:01:41.794Z] <<< [apiv2][status] POST https://upload-firebasehosting.googleapis.com/upload/sites/vue-portfolio-c077e/versions/da20c6e955a12f09/files/ed2840ec5b3871469083bd3c71b43c78fe5107fd7eb0ec354bc4db9c647efbf9 200
[debug] [2025-07-04T20:01:41.794Z] <<< [apiv2][body] POST https://upload-firebasehosting.googleapis.com/upload/sites/vue-portfolio-c077e/versions/da20c6e955a12f09/files/ed2840ec5b3871469083bd3c71b43c78fe5107fd7eb0ec354bc4db9c647efbf9 [stream]
[debug] [2025-07-04T20:01:41.806Z] <<< [apiv2][status] POST https://upload-firebasehosting.googleapis.com/upload/sites/vue-portfolio-c077e/versions/da20c6e955a12f09/files/431e5adf261e9857b5e8d27272b94d69f275bf3b180064c755044ed7912a4ee2 200
[debug] [2025-07-04T20:01:41.806Z] <<< [apiv2][body] POST https://upload-firebasehosting.googleapis.com/upload/sites/vue-portfolio-c077e/versions/da20c6e955a12f09/files/431e5adf261e9857b5e8d27272b94d69f275bf3b180064c755044ed7912a4ee2 [stream]
[debug] [2025-07-04T20:01:41.812Z] <<< [apiv2][status] POST https://upload-firebasehosting.googleapis.com/upload/sites/vue-portfolio-c077e/versions/da20c6e955a12f09/files/30b5bfee3c07b9bdb646b8e42c1bcef3fc5453eac750b46e88655c199539a785 200
[debug] [2025-07-04T20:01:41.812Z] <<< [apiv2][body] POST https://upload-firebasehosting.googleapis.com/upload/sites/vue-portfolio-c077e/versions/da20c6e955a12f09/files/30b5bfee3c07b9bdb646b8e42c1bcef3fc5453eac750b46e88655c199539a785 [stream]
[debug] [2025-07-04T20:01:41.815Z] <<< [apiv2][status] POST https://upload-firebasehosting.googleapis.com/upload/sites/vue-portfolio-c077e/versions/da20c6e955a12f09/files/8b8983300a2098c7bb74b5f7c6957b1fb0c3a6e91b232e9b167c6de2c2533b36 200
[debug] [2025-07-04T20:01:41.815Z] <<< [apiv2][body] POST https://upload-firebasehosting.googleapis.com/upload/sites/vue-portfolio-c077e/versions/da20c6e955a12f09/files/8b8983300a2098c7bb74b5f7c6957b1fb0c3a6e91b232e9b167c6de2c2533b36 [stream]
[debug] [2025-07-04T20:01:41.818Z] <<< [apiv2][status] POST https://upload-firebasehosting.googleapis.com/upload/sites/vue-portfolio-c077e/versions/da20c6e955a12f09/files/1d5c91d9652c7e0e6e6f5f3b68f7082e9718239c80ab82ec79b61c4f67e85a80 200
[debug] [2025-07-04T20:01:41.818Z] <<< [apiv2][body] POST https://upload-firebasehosting.googleapis.com/upload/sites/vue-portfolio-c077e/versions/da20c6e955a12f09/files/1d5c91d9652c7e0e6e6f5f3b68f7082e9718239c80ab82ec79b61c4f67e85a80 [stream]
[debug] [2025-07-04T20:01:41.828Z] <<< [apiv2][status] POST https://upload-firebasehosting.googleapis.com/upload/sites/vue-portfolio-c077e/versions/da20c6e955a12f09/files/62dba2b0186548e28d1c9eae4f34731e0e9f1d15564a492eb1df511385814e66 200
[debug] [2025-07-04T20:01:41.828Z] <<< [apiv2][body] POST https://upload-firebasehosting.googleapis.com/upload/sites/vue-portfolio-c077e/versions/da20c6e955a12f09/files/62dba2b0186548e28d1c9eae4f34731e0e9f1d15564a492eb1df511385814e66 [stream]
[debug] [2025-07-04T20:01:41.841Z] <<< [apiv2][status] POST https://upload-firebasehosting.googleapis.com/upload/sites/vue-portfolio-c077e/versions/da20c6e955a12f09/files/0ac3a540e8973b0fac77213893f843e0867e7f98d71b8c6389f9c492340218de 200
[debug] [2025-07-04T20:01:41.841Z] <<< [apiv2][body] POST https://upload-firebasehosting.googleapis.com/upload/sites/vue-portfolio-c077e/versions/da20c6e955a12f09/files/0ac3a540e8973b0fac77213893f843e0867e7f98d71b8c6389f9c492340218de [stream]
[debug] [2025-07-04T20:01:41.854Z] <<< [apiv2][status] POST https://upload-firebasehosting.googleapis.com/upload/sites/vue-portfolio-c077e/versions/da20c6e955a12f09/files/d4703655bb2f51f6a4d74f99345a19c5acd79c5586c0fbc342715489c00846c7 200
[debug] [2025-07-04T20:01:41.854Z] <<< [apiv2][body] POST https://upload-firebasehosting.googleapis.com/upload/sites/vue-portfolio-c077e/versions/da20c6e955a12f09/files/d4703655bb2f51f6a4d74f99345a19c5acd79c5586c0fbc342715489c00846c7 [stream]
[debug] [2025-07-04T20:01:41.869Z] <<< [apiv2][status] POST https://upload-firebasehosting.googleapis.com/upload/sites/vue-portfolio-c077e/versions/da20c6e955a12f09/files/54dce429634b2ef6eaa945978f5bfd0831f8aecc226159335aa0a518f62c92f7 200
[debug] [2025-07-04T20:01:41.869Z] <<< [apiv2][body] POST https://upload-firebasehosting.googleapis.com/upload/sites/vue-portfolio-c077e/versions/da20c6e955a12f09/files/54dce429634b2ef6eaa945978f5bfd0831f8aecc226159335aa0a518f62c92f7 [stream]
[debug] [2025-07-04T20:01:41.893Z] <<< [apiv2][status] POST https://upload-firebasehosting.googleapis.com/upload/sites/vue-portfolio-c077e/versions/da20c6e955a12f09/files/346ebcdba0463435e3b5461225f90f60a0220f7b1e2ac74c0644ecfea7fded6d 200
[debug] [2025-07-04T20:01:41.893Z] <<< [apiv2][body] POST https://upload-firebasehosting.googleapis.com/upload/sites/vue-portfolio-c077e/versions/da20c6e955a12f09/files/346ebcdba0463435e3b5461225f90f60a0220f7b1e2ac74c0644ecfea7fded6d [stream]
[debug] [2025-07-04T20:01:41.894Z] <<< [apiv2][status] POST https://upload-firebasehosting.googleapis.com/upload/sites/vue-portfolio-c077e/versions/da20c6e955a12f09/files/a48e6cc163b97cd7d454be2f96e0f3c269026fac8bd7c9636ba3086f914102af 200
[debug] [2025-07-04T20:01:41.894Z] <<< [apiv2][body] POST https://upload-firebasehosting.googleapis.com/upload/sites/vue-portfolio-c077e/versions/da20c6e955a12f09/files/a48e6cc163b97cd7d454be2f96e0f3c269026fac8bd7c9636ba3086f914102af [stream]
[debug] [2025-07-04T20:01:41.915Z] <<< [apiv2][status] POST https://upload-firebasehosting.googleapis.com/upload/sites/vue-portfolio-c077e/versions/da20c6e955a12f09/files/13202fa12712829214588ab235d637a6ebed839324efeb3a31248a53f096a542 200
[debug] [2025-07-04T20:01:41.915Z] <<< [apiv2][body] POST https://upload-firebasehosting.googleapis.com/upload/sites/vue-portfolio-c077e/versions/da20c6e955a12f09/files/13202fa12712829214588ab235d637a6ebed839324efeb3a31248a53f096a542 [stream]
[debug] [2025-07-04T20:01:41.941Z] <<< [apiv2][status] POST https://upload-firebasehosting.googleapis.com/upload/sites/vue-portfolio-c077e/versions/da20c6e955a12f09/files/df4b47041092fc6da66ee36a49110ac72764c9149281c93363b3fcd5c5d1db19 200
[debug] [2025-07-04T20:01:41.941Z] <<< [apiv2][body] POST https://upload-firebasehosting.googleapis.com/upload/sites/vue-portfolio-c077e/versions/da20c6e955a12f09/files/df4b47041092fc6da66ee36a49110ac72764c9149281c93363b3fcd5c5d1db19 [stream]
[debug] [2025-07-04T20:01:41.956Z] <<< [apiv2][status] POST https://upload-firebasehosting.googleapis.com/upload/sites/vue-portfolio-c077e/versions/da20c6e955a12f09/files/497fe5056454e4f5687063a4d3a6b18ce033a7054a243aa87f23fe87ee81a2aa 200
[debug] [2025-07-04T20:01:41.956Z] <<< [apiv2][body] POST https://upload-firebasehosting.googleapis.com/upload/sites/vue-portfolio-c077e/versions/da20c6e955a12f09/files/497fe5056454e4f5687063a4d3a6b18ce033a7054a243aa87f23fe87ee81a2aa [stream]
[debug] [2025-07-04T20:01:41.957Z] <<< [apiv2][status] POST https://upload-firebasehosting.googleapis.com/upload/sites/vue-portfolio-c077e/versions/da20c6e955a12f09/files/db78df6e91e2d4afafe208f40b75f18e81c565a69f937401a3c8e647fcad6aa0 200
[debug] [2025-07-04T20:01:41.957Z] <<< [apiv2][body] POST https://upload-firebasehosting.googleapis.com/upload/sites/vue-portfolio-c077e/versions/da20c6e955a12f09/files/db78df6e91e2d4afafe208f40b75f18e81c565a69f937401a3c8e647fcad6aa0 [stream]
[debug] [2025-07-04T20:01:41.957Z] <<< [apiv2][status] POST https://upload-firebasehosting.googleapis.com/upload/sites/vue-portfolio-c077e/versions/da20c6e955a12f09/files/818e19b6dd0f1110f3b9fe0f08e9651b3a382393716facb301fd1cab198fb485 200
[debug] [2025-07-04T20:01:41.957Z] <<< [apiv2][body] POST https://upload-firebasehosting.googleapis.com/upload/sites/vue-portfolio-c077e/versions/da20c6e955a12f09/files/818e19b6dd0f1110f3b9fe0f08e9651b3a382393716facb301fd1cab198fb485 [stream]
[debug] [2025-07-04T20:01:41.975Z] <<< [apiv2][status] POST https://upload-firebasehosting.googleapis.com/upload/sites/vue-portfolio-c077e/versions/da20c6e955a12f09/files/066cf2609ce5e5ee78ace478338414febaeb6232d0446fc1d1827e1a93bb157f 200
[debug] [2025-07-04T20:01:41.975Z] <<< [apiv2][body] POST https://upload-firebasehosting.googleapis.com/upload/sites/vue-portfolio-c077e/versions/da20c6e955a12f09/files/066cf2609ce5e5ee78ace478338414febaeb6232d0446fc1d1827e1a93bb157f [stream]
[debug] [2025-07-04T20:01:41.982Z] <<< [apiv2][status] POST https://upload-firebasehosting.googleapis.com/upload/sites/vue-portfolio-c077e/versions/da20c6e955a12f09/files/a8c2b32a6896a2ca09f3875ff5a7409c5c6b8b2ff7490b6549f45e4283e169a4 200
[debug] [2025-07-04T20:01:41.982Z] <<< [apiv2][body] POST https://upload-firebasehosting.googleapis.com/upload/sites/vue-portfolio-c077e/versions/da20c6e955a12f09/files/a8c2b32a6896a2ca09f3875ff5a7409c5c6b8b2ff7490b6549f45e4283e169a4 [stream]
[debug] [2025-07-04T20:01:42.028Z] <<< [apiv2][status] POST https://upload-firebasehosting.googleapis.com/upload/sites/vue-portfolio-c077e/versions/da20c6e955a12f09/files/daa86f187eebb8c074f8438e0c958fe77ebca4c4cdcad95945df213e7da8ae31 200
[debug] [2025-07-04T20:01:42.028Z] <<< [apiv2][body] POST https://upload-firebasehosting.googleapis.com/upload/sites/vue-portfolio-c077e/versions/da20c6e955a12f09/files/daa86f187eebb8c074f8438e0c958fe77ebca4c4cdcad95945df213e7da8ae31 [stream]
[debug] [2025-07-04T20:01:42.033Z] <<< [apiv2][status] POST https://upload-firebasehosting.googleapis.com/upload/sites/vue-portfolio-c077e/versions/da20c6e955a12f09/files/1a83ffcf5b32c82e1460ee6657f39a7958a5d134e733d8068a9554eb46ba10ac 200
[debug] [2025-07-04T20:01:42.033Z] <<< [apiv2][body] POST https://upload-firebasehosting.googleapis.com/upload/sites/vue-portfolio-c077e/versions/da20c6e955a12f09/files/1a83ffcf5b32c82e1460ee6657f39a7958a5d134e733d8068a9554eb46ba10ac [stream]
[debug] [2025-07-04T20:01:42.050Z] <<< [apiv2][status] POST https://upload-firebasehosting.googleapis.com/upload/sites/vue-portfolio-c077e/versions/da20c6e955a12f09/files/482988fe68008353b197f19ca44d7d23ee34f9ca60c5975eb85f1525502f1b7b 200
[debug] [2025-07-04T20:01:42.050Z] <<< [apiv2][body] POST https://upload-firebasehosting.googleapis.com/upload/sites/vue-portfolio-c077e/versions/da20c6e955a12f09/files/482988fe68008353b197f19ca44d7d23ee34f9ca60c5975eb85f1525502f1b7b [stream]
[debug] [2025-07-04T20:01:42.062Z] <<< [apiv2][status] POST https://upload-firebasehosting.googleapis.com/upload/sites/vue-portfolio-c077e/versions/da20c6e955a12f09/files/565658751bf3b9695f3711244b3c16b7ac0b0744eba318188326b2fd67e92a16 200
[debug] [2025-07-04T20:01:42.062Z] <<< [apiv2][body] POST https://upload-firebasehosting.googleapis.com/upload/sites/vue-portfolio-c077e/versions/da20c6e955a12f09/files/565658751bf3b9695f3711244b3c16b7ac0b0744eba318188326b2fd67e92a16 [stream]
[debug] [2025-07-04T20:01:42.079Z] <<< [apiv2][status] POST https://upload-firebasehosting.googleapis.com/upload/sites/vue-portfolio-c077e/versions/da20c6e955a12f09/files/c3d9932551bdf9cc614f51049b9399df0391ec6a1b7deb8321f9596c4c11c50c 200
[debug] [2025-07-04T20:01:42.079Z] <<< [apiv2][body] POST https://upload-firebasehosting.googleapis.com/upload/sites/vue-portfolio-c077e/versions/da20c6e955a12f09/files/c3d9932551bdf9cc614f51049b9399df0391ec6a1b7deb8321f9596c4c11c50c [stream]
[debug] [2025-07-04T20:01:42.116Z] <<< [apiv2][status] POST https://upload-firebasehosting.googleapis.com/upload/sites/vue-portfolio-c077e/versions/da20c6e955a12f09/files/76fe00a67bbf268952739b5117f2db6747fdd7fad7489d6b846424d8d921376e 200
[debug] [2025-07-04T20:01:42.116Z] <<< [apiv2][body] POST https://upload-firebasehosting.googleapis.com/upload/sites/vue-portfolio-c077e/versions/da20c6e955a12f09/files/76fe00a67bbf268952739b5117f2db6747fdd7fad7489d6b846424d8d921376e [stream]
[debug] [2025-07-04T20:01:42.130Z] <<< [apiv2][status] POST https://upload-firebasehosting.googleapis.com/upload/sites/vue-portfolio-c077e/versions/da20c6e955a12f09/files/af5a766e61727628e6cd63c8f5702de4eaf3a13869830d2f8d430916d726bc57 200
[debug] [2025-07-04T20:01:42.130Z] <<< [apiv2][body] POST https://upload-firebasehosting.googleapis.com/upload/sites/vue-portfolio-c077e/versions/da20c6e955a12f09/files/af5a766e61727628e6cd63c8f5702de4eaf3a13869830d2f8d430916d726bc57 [stream]
[debug] [2025-07-04T20:01:42.405Z] <<< [apiv2][status] POST https://upload-firebasehosting.googleapis.com/upload/sites/vue-portfolio-c077e/versions/da20c6e955a12f09/files/cd0c45cf812bd834af634049a167d79469c196c484df555a67586a7c91416644 200
[debug] [2025-07-04T20:01:42.405Z] <<< [apiv2][body] POST https://upload-firebasehosting.googleapis.com/upload/sites/vue-portfolio-c077e/versions/da20c6e955a12f09/files/cd0c45cf812bd834af634049a167d79469c196c484df555a67586a7c91416644 [stream]
[debug] [2025-07-04T20:01:42.739Z] <<< [apiv2][status] POST https://upload-firebasehosting.googleapis.com/upload/sites/vue-portfolio-c077e/versions/da20c6e955a12f09/files/d1e42ba0971f86da15cd9667481304bb30aac05c42366e955a0008f3e79aeed1 200
[debug] [2025-07-04T20:01:42.739Z] <<< [apiv2][body] POST https://upload-firebasehosting.googleapis.com/upload/sites/vue-portfolio-c077e/versions/da20c6e955a12f09/files/d1e42ba0971f86da15cd9667481304bb30aac05c42366e955a0008f3e79aeed1 [stream]
[debug] [2025-07-04T20:01:43.043Z] <<< [apiv2][status] POST https://upload-firebasehosting.googleapis.com/upload/sites/vue-portfolio-c077e/versions/da20c6e955a12f09/files/9d59d450ccb87e8e0c2a05283a732f52fca625d1c5f517a74fdeee22d88f3cb7 200
[debug] [2025-07-04T20:01:43.044Z] <<< [apiv2][body] POST https://upload-firebasehosting.googleapis.com/upload/sites/vue-portfolio-c077e/versions/da20c6e955a12f09/files/9d59d450ccb87e8e0c2a05283a732f52fca625d1c5f517a74fdeee22d88f3cb7 [stream]
[debug] [2025-07-04T20:01:43.044Z] [hosting][upload queue][FINAL] {"max":3183,"min":1640,"avg":2049.475,"active":0,"complete":40,"success":40,"errored":0,"retried":0,"total":40,"elapsed":3185}
[info] +  hosting[vue-portfolio-c077e]: file upload complete 
[debug] [2025-07-04T20:01:43.045Z] [hosting] deploy completed after 4147ms
[debug] [2025-07-04T20:01:43.046Z] [
  {
    "config": {
      "public": "dist",
      "ignore": [
        "firebase.json",
        "**/.*",
        "**/node_modules/**"
      ],
      "rewrites": [
        {
          "source": "**",
          "destination": "/index.html"
        }
      ],
      "site": "vue-portfolio-c077e"
    },
    "version": "projects/497793485445/sites/vue-portfolio-c077e/versions/da20c6e955a12f09"
  }
]
[info] i  hosting[vue-portfolio-c077e]: finalizing version... 
[debug] [2025-07-04T20:01:43.048Z] Checked if tokens are valid: true, expires at: 1751662848181
[debug] [2025-07-04T20:01:43.048Z] Checked if tokens are valid: true, expires at: 1751662848181
[debug] [2025-07-04T20:01:43.048Z] >>> [apiv2][query] PATCH https://firebasehosting.googleapis.com/v1beta1/projects/-/sites/vue-portfolio-c077e/versions/da20c6e955a12f09 updateMask=status%2Cconfig
[debug] [2025-07-04T20:01:43.048Z] >>> [apiv2][body] PATCH https://firebasehosting.googleapis.com/v1beta1/projects/-/sites/vue-portfolio-c077e/versions/da20c6e955a12f09 {"status":"FINALIZED","config":{"rewrites":[{"glob":"**","path":"/index.html"}]}}
[debug] [2025-07-04T20:01:43.826Z] <<< [apiv2][status] PATCH https://firebasehosting.googleapis.com/v1beta1/projects/-/sites/vue-portfolio-c077e/versions/da20c6e955a12f09 200
[debug] [2025-07-04T20:01:43.826Z] <<< [apiv2][body] PATCH https://firebasehosting.googleapis.com/v1beta1/projects/-/sites/vue-portfolio-c077e/versions/da20c6e955a12f09 {"name":"projects/497793485445/sites/vue-portfolio-c077e/versions/da20c6e955a12f09","status":"FINALIZED","config":{"rewrites":[{"glob":"**","path":"/index.html"}]},"labels":{"deployment-tool":"cli-firebase"},"createTime":"2025-07-04T20:01:38.508356Z","createUser":{"email":"ricardoronanm@gmail.com"},"finalizeTime":"2025-07-04T20:01:44.189138Z","finalizeUser":{"email":"ricardoronanm@gmail.com"}}
[debug] [2025-07-04T20:01:43.826Z] [hosting] finalized version for vue-portfolio-c077e:[object Object]
[info] +  hosting[vue-portfolio-c077e]: version finalized 
[info] i  hosting[vue-portfolio-c077e]: releasing new version... 
[debug] [2025-07-04T20:01:43.827Z] Checked if tokens are valid: true, expires at: 1751662848181
[debug] [2025-07-04T20:01:43.827Z] Checked if tokens are valid: true, expires at: 1751662848181
[debug] [2025-07-04T20:01:43.827Z] >>> [apiv2][query] POST https://firebasehosting.googleapis.com/v1beta1/projects/-/sites/vue-portfolio-c077e/channels/live/releases versionName=projects%2F497793485445%2Fsites%2Fvue-portfolio-c077e%2Fversions%2Fda20c6e955a12f09
[debug] [2025-07-04T20:01:43.827Z] >>> [apiv2][body] POST https://firebasehosting.googleapis.com/v1beta1/projects/-/sites/vue-portfolio-c077e/channels/live/releases {}
[debug] [2025-07-04T20:01:44.927Z] <<< [apiv2][status] POST https://firebasehosting.googleapis.com/v1beta1/projects/-/sites/vue-portfolio-c077e/channels/live/releases 200
[debug] [2025-07-04T20:01:44.927Z] <<< [apiv2][body] POST https://firebasehosting.googleapis.com/v1beta1/projects/-/sites/vue-portfolio-c077e/channels/live/releases {"name":"projects/497793485445/sites/vue-portfolio-c077e/channels/live/releases/1751659304636000","version":{"name":"projects/497793485445/sites/vue-portfolio-c077e/versions/da20c6e955a12f09","status":"FINALIZED","config":{"rewrites":[{"glob":"**","path":"/index.html"}]},"labels":{"deployment-tool":"cli-firebase"},"createTime":"2025-07-04T20:01:38.508356Z","createUser":{"email":"ricardoronanm@gmail.com","imageUrl":"https://lh3.googleusercontent.com/a/ACg8ocLH9mNAkITp_tFY4vEA6yWsSERp_bsp_BVWsQ3d5zTsKJncAsK2"},"finalizeTime":"2025-07-04T20:01:44.189138Z","finalizeUser":{"email":"ricardoronanm@gmail.com","imageUrl":"https://lh3.googleusercontent.com/a/ACg8ocLH9mNAkITp_tFY4vEA6yWsSERp_bsp_BVWsQ3d5zTsKJncAsK2"}},"type":"DEPLOY","releaseTime":"2025-07-04T20:01:44.636Z","releaseUser":{"email":"ricardoronanm@gmail.com","imageUrl":"https://lh3.googleusercontent.com/a/ACg8ocLH9mNAkITp_tFY4vEA6yWsSERp_bsp_BVWsQ3d5zTsKJncAsK2"}}
[debug] [2025-07-04T20:01:44.927Z] [hosting] release: {"name":"projects/497793485445/sites/vue-portfolio-c077e/channels/live/releases/1751659304636000","version":{"name":"projects/497793485445/sites/vue-portfolio-c077e/versions/da20c6e955a12f09","status":"FINALIZED","config":{"rewrites":[{"glob":"**","path":"/index.html"}]},"labels":{"deployment-tool":"cli-firebase"},"createTime":"2025-07-04T20:01:38.508356Z","createUser":{"email":"ricardoronanm@gmail.com","imageUrl":"https://lh3.googleusercontent.com/a/ACg8ocLH9mNAkITp_tFY4vEA6yWsSERp_bsp_BVWsQ3d5zTsKJncAsK2"},"finalizeTime":"2025-07-04T20:01:44.189138Z","finalizeUser":{"email":"ricardoronanm@gmail.com","imageUrl":"https://lh3.googleusercontent.com/a/ACg8ocLH9mNAkITp_tFY4vEA6yWsSERp_bsp_BVWsQ3d5zTsKJncAsK2"}},"type":"DEPLOY","releaseTime":"2025-07-04T20:01:44.636Z","releaseUser":{"email":"ricardoronanm@gmail.com","imageUrl":"https://lh3.googleusercontent.com/a/ACg8ocLH9mNAkITp_tFY4vEA6yWsSERp_bsp_BVWsQ3d5zTsKJncAsK2"}}
[info] +  hosting[vue-portfolio-c077e]: release complete 
